<?xml version="1.0" encoding="UTF-8"?>
<testng-results ignored="0" total="1" passed="1" failed="0" skipped="0">
  <reporter-output>
  </reporter-output>
  <suite started-at="2024-03-13T19:04:24 IST" name="Default suite" finished-at="2024-03-13T19:04:49 IST" duration-ms="25181">
    <groups>
    </groups>
    <test started-at="2024-03-13T19:04:24 IST" name="Default test" finished-at="2024-03-13T19:04:49 IST" duration-ms="25181">
      <class name="com.handson.RegisterTest">
        <test-method is-config="true" signature="setup()[pri:0, instance:com.handson.RegisterTest@4b8ee4de]" started-at="2024-03-13T19:01:31 IST" name="setup" finished-at="2024-03-13T19:04:24 IST" duration-ms="173086" status="PASS">
          <reporter-output>
          </reporter-output>
        </test-method> <!-- setup -->
        <test-method signature="test()[pri:0, instance:com.handson.RegisterTest@4b8ee4de]" started-at="2024-03-13T19:04:24 IST" name="test" finished-at="2024-03-13T19:04:49 IST" duration-ms="25106" status="PASS">
          <reporter-output>
          </reporter-output>
        </test-method> <!-- test -->
        <test-method is-config="true" signature="TearUp()[pri:0, instance:com.handson.RegisterTest@4b8ee4de]" started-at="2024-03-13T19:04:49 IST" name="TearUp" finished-at="2024-03-13T19:05:30 IST" duration-ms="40122" status="PASS">
          <reporter-output>
          </reporter-output>
        </test-method> <!-- TearUp -->
      </class> <!-- com.handson.RegisterTest -->
    </test> <!-- Default test -->
  </suite> <!-- Default suite -->
</testng-results>
