<?xml version="1.0" encoding="UTF-8"?>
<testng-results ignored="0" total="1" passed="1" failed="0" skipped="0">
  <reporter-output>
  </reporter-output>
  <suite started-at="2024-10-08T19:51:14 IST" name="Default suite" finished-at="2024-10-08T19:51:20 IST" duration-ms="6756">
    <groups>
    </groups>
    <test started-at="2024-10-08T19:51:14 IST" name="Default test" finished-at="2024-10-08T19:51:20 IST" duration-ms="6756">
      <class name="com.handson.SelectableTest">
        <test-method is-config="true" signature="setup()[pri:0, instance:com.handson.SelectableTest@d9345cd]" started-at="2024-10-08T19:51:04 IST" name="setup" finished-at="2024-10-08T19:51:14 IST" duration-ms="9404" status="PASS">
          <reporter-output>
          </reporter-output>
        </test-method> <!-- setup -->
        <test-method signature="test1()[pri:0, instance:com.handson.SelectableTest@d9345cd]" started-at="2024-10-08T19:51:14 IST" name="test1" finished-at="2024-10-08T19:51:20 IST" duration-ms="6688" status="PASS">
          <reporter-output>
          </reporter-output>
        </test-method> <!-- test1 -->
        <test-method is-config="true" signature="TearUp()[pri:0, instance:com.handson.SelectableTest@d9345cd]" started-at="2024-10-08T19:51:20 IST" name="TearUp" finished-at="2024-10-08T19:51:20 IST" duration-ms="1" status="PASS">
          <reporter-output>
          </reporter-output>
        </test-method> <!-- TearUp -->
      </class> <!-- com.handson.SelectableTest -->
    </test> <!-- Default test -->
  </suite> <!-- Default suite -->
</testng-results>
